build/app/intermediates/manifest_merge_blame_file/release/manifest-merger-blame-release-report.txt
1<?xml version="1.0" encoding="utf-8"?>
2<manifest xmlns:android="http://schemas.android.com/apk/res/android"
3    package="com.example.startup_bundle_flutter"
4    android:versionCode="1"
5    android:versionName="1.0.0" >
6
7    <uses-sdk
8        android:minSdkVersion="19"
8-->src/main/AndroidManifest.xml
9        android:targetSdkVersion="30" />
9-->src/main/AndroidManifest.xml
10
11    <uses-permission android:name="android.permission.INTERNET" />
11-->src/main/AndroidManifest.xml:3:5-66
11-->src/main/AndroidManifest.xml:3:22-64
12    <uses-permission android:name="android.permission.ACCESS_NETWORK_STATE" />
12-->src/main/AndroidManifest.xml:4:5-79
12-->src/main/AndroidManifest.xml:4:22-76
13    <uses-permission android:name="android.permission.READ_EXTERNAL_STORAGE" />
13-->[:image_picker] AndroidManifest.xml:7:5-80
13-->[:image_picker] AndroidManifest.xml:7:22-77
14    <uses-permission android:name="android.permission.WRITE_EXTERNAL_STORAGE" />
14-->[:image_picker] AndroidManifest.xml:8:5-81
14-->[:image_picker] AndroidManifest.xml:8:22-78
15
16    <application
16-->src/main/AndroidManifest.xml:5:4-43:19
17        android:appComponentFactory="androidx.core.app.CoreComponentFactory"
17-->[androidx.core:core:1.1.0] AndroidManifest.xml:24:18-86
18        android:icon="@mipmap/ic_launcher"
18-->src/main/AndroidManifest.xml:7:9-43
19        android:label="startup_bundle_flutter"
19-->src/main/AndroidManifest.xml:6:9-47
20        android:supportsRtl="true" >
20-->[com.facebook.android:facebook-login:5.5.1] AndroidManifest.xml:28:18-44
21        <activity
21-->src/main/AndroidManifest.xml:8:9-37:20
22            android:name="com.example.startup_bundle_flutter.MainActivity"
22-->src/main/AndroidManifest.xml:9:13-41
23            android:configChanges="orientation|keyboardHidden|keyboard|screenSize|smallestScreenSize|locale|layoutDirection|fontScale|screenLayout|density|uiMode"
23-->src/main/AndroidManifest.xml:12:13-163
24            android:hardwareAccelerated="true"
24-->src/main/AndroidManifest.xml:13:13-47
25            android:launchMode="singleTop"
25-->src/main/AndroidManifest.xml:10:13-43
26            android:theme="@style/LaunchTheme"
26-->src/main/AndroidManifest.xml:11:13-47
27            android:usesCleartextTraffic="true"
27-->src/main/AndroidManifest.xml:14:13-48
28            android:windowSoftInputMode="adjustResize" >
28-->src/main/AndroidManifest.xml:15:13-55
29
30            <!--
31                 Specifies an Android theme to apply to this Activity as soon as
32                 the Android process has started. This theme is visible to the user
33                 while the Flutter UI initializes. After that, this theme continues
34                 to determine the Window background behind the Flutter UI.
35            -->
36            <meta-data
36-->src/main/AndroidManifest.xml:20:13-23:17
37                android:name="io.flutter.embedding.android.NormalTheme"
37-->src/main/AndroidManifest.xml:21:15-70
38                android:resource="@style/NormalTheme" />
38-->src/main/AndroidManifest.xml:22:15-52
39            <!--
40                 Displays an Android View that continues showing the launch screen
41                 Drawable until Flutter paints its first frame, then this splash
42                 screen fades out. A splash screen is useful to avoid any visual
43                 gap between the end of Android's launch screen and the painting of
44                 Flutter's first frame.
45            -->
46            <meta-data
46-->src/main/AndroidManifest.xml:29:13-32:17
47                android:name="io.flutter.embedding.android.SplashScreenDrawable"
47-->src/main/AndroidManifest.xml:30:15-79
48                android:resource="@drawable/launch_background" />
48-->src/main/AndroidManifest.xml:31:15-61
49
50            <intent-filter>
50-->src/main/AndroidManifest.xml:33:13-36:29
51                <action android:name="android.intent.action.MAIN" />
51-->src/main/AndroidManifest.xml:34:17-68
51-->src/main/AndroidManifest.xml:34:25-66
52
53                <category android:name="android.intent.category.LAUNCHER" />
53-->src/main/AndroidManifest.xml:35:17-76
53-->src/main/AndroidManifest.xml:35:27-74
54            </intent-filter>
55        </activity>
56        <!--
57             Don't delete the meta-data below.
58             This is used by the Flutter tool to generate GeneratedPluginRegistrant.java
59        -->
60        <meta-data
60-->src/main/AndroidManifest.xml:40:9-42:33
61            android:name="flutterEmbedding"
61-->src/main/AndroidManifest.xml:41:13-44
62            android:value="2" />
62-->src/main/AndroidManifest.xml:42:13-30
63
64        <provider
64-->[:image_picker] AndroidManifest.xml:11:9-19:20
65            android:name="io.flutter.plugins.imagepicker.ImagePickerFileProvider"
65-->[:image_picker] AndroidManifest.xml:12:13-82
66            android:authorities="com.example.startup_bundle_flutter.flutter.image_provider"
66-->[:image_picker] AndroidManifest.xml:13:13-74
67            android:exported="false"
67-->[:image_picker] AndroidManifest.xml:14:13-37
68            android:grantUriPermissions="true" >
68-->[:image_picker] AndroidManifest.xml:15:13-47
69            <meta-data
69-->[:image_picker] AndroidManifest.xml:16:13-18:75
70                android:name="android.support.FILE_PROVIDER_PATHS"
70-->[:image_picker] AndroidManifest.xml:17:17-67
71                android:resource="@xml/flutter_image_picker_file_paths" />
71-->[:image_picker] AndroidManifest.xml:18:17-72
72        </provider>
73
74        <activity
74-->[com.facebook.android:facebook-common:5.5.1] AndroidManifest.xml:29:9-32:66
75            android:name="com.facebook.FacebookActivity"
75-->[com.facebook.android:facebook-common:5.5.1] AndroidManifest.xml:30:13-57
76            android:configChanges="keyboard|keyboardHidden|screenLayout|screenSize|orientation"
76-->[com.facebook.android:facebook-common:5.5.1] AndroidManifest.xml:31:13-96
77            android:theme="@style/com_facebook_activity_theme" />
77-->[com.facebook.android:facebook-common:5.5.1] AndroidManifest.xml:32:13-63
78        <activity android:name="com.facebook.CustomTabMainActivity" />
78-->[com.facebook.android:facebook-common:5.5.1] AndroidManifest.xml:33:9-71
78-->[com.facebook.android:facebook-common:5.5.1] AndroidManifest.xml:33:19-68
79        <activity android:name="com.facebook.CustomTabActivity" />
79-->[com.facebook.android:facebook-common:5.5.1] AndroidManifest.xml:34:9-67
79-->[com.facebook.android:facebook-common:5.5.1] AndroidManifest.xml:34:19-64
80        <activity
80-->[com.google.android.gms:play-services-auth:16.0.1] AndroidManifest.xml:23:9-27:75
81            android:name="com.google.android.gms.auth.api.signin.internal.SignInHubActivity"
81-->[com.google.android.gms:play-services-auth:16.0.1] AndroidManifest.xml:24:13-93
82            android:excludeFromRecents="true"
82-->[com.google.android.gms:play-services-auth:16.0.1] AndroidManifest.xml:25:13-46
83            android:exported="false"
83-->[com.google.android.gms:play-services-auth:16.0.1] AndroidManifest.xml:26:13-37
84            android:theme="@android:style/Theme.Translucent.NoTitleBar" />
84-->[com.google.android.gms:play-services-auth:16.0.1] AndroidManifest.xml:27:13-72
85        <!--
86            Service handling Google Sign-In user revocation. For apps that do not integrate with
87            Google Sign-In, this service will never be started.
88        -->
89        <service
89-->[com.google.android.gms:play-services-auth:16.0.1] AndroidManifest.xml:33:9-36:110
90            android:name="com.google.android.gms.auth.api.signin.RevocationBoundService"
90-->[com.google.android.gms:play-services-auth:16.0.1] AndroidManifest.xml:34:13-89
91            android:exported="true"
91-->[com.google.android.gms:play-services-auth:16.0.1] AndroidManifest.xml:35:13-36
92            android:permission="com.google.android.gms.auth.api.signin.permission.REVOCATION_NOTIFICATION" />
92-->[com.google.android.gms:play-services-auth:16.0.1] AndroidManifest.xml:36:13-107
93
94        <activity
94-->[com.google.android.gms:play-services-base:16.0.1] AndroidManifest.xml:23:9-26:75
95            android:name="com.google.android.gms.common.api.GoogleApiActivity"
95-->[com.google.android.gms:play-services-base:16.0.1] AndroidManifest.xml:24:13-79
96            android:exported="false"
96-->[com.google.android.gms:play-services-base:16.0.1] AndroidManifest.xml:25:13-37
97            android:theme="@android:style/Theme.Translucent.NoTitleBar" />
97-->[com.google.android.gms:play-services-base:16.0.1] AndroidManifest.xml:26:13-72
98
99        <meta-data
99-->[com.google.android.gms:play-services-basement:16.0.1] AndroidManifest.xml:23:9-25:69
100            android:name="com.google.android.gms.version"
100-->[com.google.android.gms:play-services-basement:16.0.1] AndroidManifest.xml:24:13-58
101            android:value="@integer/google_play_services_version" />
101-->[com.google.android.gms:play-services-basement:16.0.1] AndroidManifest.xml:25:13-66
102        <!--
103         The initialization ContentProvider will call FacebookSdk.sdkInitialize automatically
104         with the application context. This config is merged in with the host app's manifest,
105         but there can only be one provider with the same authority activated at any given
106         point; so if the end user has two or more different apps that use Facebook SDK, only the
107         first one will be able to use the provider. To work around this problem, we use the
108         following placeholder in the authority to identify each host application as if it was
109         a completely different provider.
110        -->
111        <provider
111-->[com.facebook.android:facebook-core:5.5.1] AndroidManifest.xml:39:9-42:40
112            android:name="com.facebook.internal.FacebookInitProvider"
112-->[com.facebook.android:facebook-core:5.5.1] AndroidManifest.xml:40:13-70
113            android:authorities="com.example.startup_bundle_flutter.FacebookInitProvider"
113-->[com.facebook.android:facebook-core:5.5.1] AndroidManifest.xml:41:13-72
114            android:exported="false" />
114-->[com.facebook.android:facebook-core:5.5.1] AndroidManifest.xml:42:13-37
115
116        <receiver
116-->[com.facebook.android:facebook-core:5.5.1] AndroidManifest.xml:44:9-50:20
117            android:name="com.facebook.CurrentAccessTokenExpirationBroadcastReceiver"
117-->[com.facebook.android:facebook-core:5.5.1] AndroidManifest.xml:45:13-86
118            android:exported="false" >
118-->[com.facebook.android:facebook-core:5.5.1] AndroidManifest.xml:46:13-37
119            <intent-filter>
119-->[com.facebook.android:facebook-core:5.5.1] AndroidManifest.xml:47:13-49:29
120                <action android:name="com.facebook.sdk.ACTION_CURRENT_ACCESS_TOKEN_CHANGED" />
120-->[com.facebook.android:facebook-core:5.5.1] AndroidManifest.xml:48:17-95
120-->[com.facebook.android:facebook-core:5.5.1] AndroidManifest.xml:48:25-92
121            </intent-filter>
122        </receiver>
123        <receiver
123-->[com.facebook.android:facebook-core:5.5.1] AndroidManifest.xml:51:9-58:20
124            android:name="com.facebook.CampaignTrackingReceiver"
124-->[com.facebook.android:facebook-core:5.5.1] AndroidManifest.xml:52:13-65
125            android:exported="true"
125-->[com.facebook.android:facebook-core:5.5.1] AndroidManifest.xml:53:13-36
126            android:permission="android.permission.INSTALL_PACKAGES" >
126-->[com.facebook.android:facebook-core:5.5.1] AndroidManifest.xml:54:13-69
127            <intent-filter>
127-->[com.facebook.android:facebook-core:5.5.1] AndroidManifest.xml:55:13-57:29
128                <action android:name="com.android.vending.INSTALL_REFERRER" />
128-->[com.facebook.android:facebook-core:5.5.1] AndroidManifest.xml:56:17-79
128-->[com.facebook.android:facebook-core:5.5.1] AndroidManifest.xml:56:25-76
129            </intent-filter>
130        </receiver>
131    </application>
132
133</manifest>